{"numFailedTestSuites":2,"numFailedTests":3,"numPassedTestSuites":2,"numPassedTests":6,"numPendingTestSuites":0,"numPendingTests":0,"numRuntimeErrorTestSuites":0,"numTodoTests":0,"numTotalTestSuites":4,"numTotalTests":9,"openHandles":[],"snapshot":{"added":0,"didUpdate":false,"failure":false,"filesAdded":0,"filesRemoved":0,"filesRemovedList":[],"filesUnmatched":0,"filesUpdated":0,"matched":0,"total":0,"unchecked":0,"uncheckedKeysByFile":[],"unmatched":0,"updated":0},"startTime":1752844413811,"success":false,"testResults":[{"assertionResults":[{"ancestorTitles":["TodoList"],"duration":210,"failureDetails":[],"failureMessages":[],"fullName":"TodoList renders active and completed sections","invocations":1,"location":null,"numPassingAsserts":2,"retryReasons":[],"status":"passed","title":"renders active and completed sections"},{"ancestorTitles":["TodoList"],"duration":18,"failureDetails":[{"name":"TestingLibraryElementError"}],"failureMessages":["TestingLibraryElementError: Unable to find an element with the text: /total: 2/i. This could be because the text is broken up by multiple elements. In this case, you can provide a function for your text matcher to make your matcher more flexible.\n\nIgnored nodes: comments, script, style\n\u001b[36m<body>\u001b[39m\n  \u001b[36m<div>\u001b[39m\n    \u001b[36m<div\u001b[39m\n      \u001b[33mclass\u001b[39m=\u001b[32m\"todo-list\"\u001b[39m\n    \u001b[36m>\u001b[39m\n      \u001b[36m<form\u001b[39m\n        \u001b[33mclass\u001b[39m=\u001b[32m\"todo-form\"\u001b[39m\n      \u001b[36m>\u001b[39m\n        \u001b[36m<div\u001b[39m\n          \u001b[33mclass\u001b[39m=\u001b[32m\"form-group\"\u001b[39m\n        \u001b[36m>\u001b[39m\n          \u001b[36m<div\u001b[39m\n            \u001b[33mclass\u001b[39m=\u001b[32m\"input-wrapper\"\u001b[39m\n          \u001b[36m>\u001b[39m\n            \u001b[36m<input\u001b[39m\n              \u001b[33mclass\u001b[39m=\u001b[32m\"todo-input \"\u001b[39m\n              \u001b[33mmaxlength\u001b[39m=\u001b[32m\"100\"\u001b[39m\n              \u001b[33mplaceholder\u001b[39m=\u001b[32m\"What needs to be done?\"\u001b[39m\n              \u001b[33mtype\u001b[39m=\u001b[32m\"text\"\u001b[39m\n              \u001b[33mvalue\u001b[39m=\u001b[32m\"\"\u001b[39m\n            \u001b[36m/>\u001b[39m\n            \u001b[36m<button\u001b[39m\n              \u001b[33mclass\u001b[39m=\u001b[32m\"add-button \"\u001b[39m\n              \u001b[33mdisabled\u001b[39m=\u001b[32m\"\"\u001b[39m\n              \u001b[33mtype\u001b[39m=\u001b[32m\"submit\"\u001b[39m\n            \u001b[36m>\u001b[39m\n              \u001b[36m<span>\u001b[39m\n                \u001b[0mAdd\u001b[0m\n              \u001b[36m</span>\u001b[39m\n            \u001b[36m</button>\u001b[39m\n          \u001b[36m</div>\u001b[39m\n          \u001b[36m<div\u001b[39m\n            \u001b[33mclass\u001b[39m=\u001b[32m\"character-count\"\u001b[39m\n          \u001b[36m>\u001b[39m\n            \u001b[0m0\u001b[0m\n            \u001b[0m/100\u001b[0m\n          \u001b[36m</div>\u001b[39m\n        \u001b[36m</div>\u001b[39m\n      \u001b[36m</form>\u001b[39m\n      \u001b[36m<div\u001b[39m\n        \u001b[33mclass\u001b[39m=\u001b[32m\"todo-section\"\u001b[39m\n      \u001b[36m>\u001b[39m\n        \u001b[36m<h3\u001b[39m\n          \u001b[33mclass\u001b[39m=\u001b[32m\"section-title\"\u001b[39m\n        \u001b[36m>\u001b[39m\n          \u001b[0mActive (\u001b[0m\n          \u001b[0m1\u001b[0m\n          \u001b[0m)\u001b[0m\n        \u001b[36m</h3>\u001b[39m\n        \u001b[36m<div\u001b[39m\n          \u001b[33mclass\u001b[39m=\u001b[32m\"todo-items\"\u001b[39m\n        \u001b[36m>\u001b[39m\n          \u001b[36m<div\u001b[39m\n            \u001b[33mclass\u001b[39m=\u001b[32m\"todo-item  \"\u001b[39m\n          \u001b[36m>\u001b[39m\n            \u001b[36m<div\u001b[39m\n              \u001b[33mclass\u001b[39m=\u001b[32m\"todo-content\"\u001b[39m\n            \u001b[36m>\u001b[39m\n              \u001b[36m<button\u001b[39m\n                \u001b[33mclass\u001b[39m=\u001b[32m\"toggle-button\"\u001b[39m\n              \u001b[36m>\u001b[39m\n                \u001b[0m○\u001b[0m\n              \u001b[36m</button>\u001b[39m\n              \u001b[36m<span\u001b[39m\n                \u001b[33mclass\u001b[39m=\u001b[32m\"todo-text\"\u001b[39m\n              \u001b[36m>\u001b[39m\n                \u001b[0mTask A\u001b[0m\n              \u001b[36m</span>\u001b[39m\n            \u001b[36m</div>\u001b[39m\n            \u001b[36m<div\u001b[39m\n              \u001b[33mclass\u001b[39m=\u001b[32m\"todo-actions\"\u001b[39m\n            \u001b[36m>\u001b[39m\n              \u001b[36m<button\u001b[39m\n                \u001b[33mclass\u001b[39m=\u001b[32m\"edit-button\"\u001b[39m\n              \u001b[36m>\u001b[39m\n                \u001b[0m✏️\u001b[0m\n              \u001b[36m</button>\u001b[39m\n              \u001b[36m<button\u001b[39m\n                \u001b[33mclass\u001b[39m=\u001b[32m\"delete-button\"\u001b[39m\n              \u001b[36m>\u001b[39m\n                \u001b[0m🗑️\u001b[0m\n              \u001b[36m</button>\u001b[39m\n            \u001b[36m</div>\u001b[39m\n          \u001b[36m</div>\u001b[39m\n        \u001b[36m</div>\u001b[39m\n      \u001b[36m</div>\u001b[39m\n      \u001b[36m<div\u001b[39m\n        \u001b[33mclass\u001b[39m=\u001b[32m\"todo-section\"\u001b[39m\n      \u001b[36m>\u001b[39m\n        \u001b[36m<h3\u001b[39m\n          \u001b[33mclass\u001b[39m=\u001b[32m\"section-title\"\u001b[39m\n        \u001b[36m>\u001b[39m\n          \u001b[0mCompleted (\u001b[0m\n          \u001b[0m1\u001b[0m\n          \u001b[0m)\u001b[0m\n        \u001b[36m</h3>\u001b[39m\n        \u001b[36m<div\u001b[39m\n          \u001b[33mclass\u001b[39m=\u001b[32m\"todo-items\"\u001b[39m\n        \u001b[36m>\u001b[39m\n          \u001b[36m<div\u001b[39m\n            \u001b[33mclass\u001b[39m=\u001b[32m\"todo-item completed \"\u001b[39m\n          \u001b[36m>\u001b[39m\n            \u001b[36m<div\u001b[39m\n              \u001b[33mclass\u001b[39m=\u001b[32m\"todo-content\"\u001b[39m\n            \u001b[36m>\u001b[39m\n              \u001b[36m<button\u001b[39m\n                \u001b[33mclass\u001b[39m=\u001b[32m\"toggle-button\"\u001b[39m\n              \u001b[36m>\u001b[39m\n                \u001b[0m✓\u001b[0m\n              \u001b[36m</button>\u001b[39m\n              \u001b[36m<span\u001b[39m\n                \u001b[33mclass\u001b[39m=\u001b[32m\"todo-text\"\u001b[39m\n              \u001b[36m>\u001b[39m\n                \u001b[0mTask B\u001b[0m\n              \u001b[36m</span>\u001b[39m\n            \u001b[36m</div>\u001b[39m\n            \u001b[36m<div\u001b[39m\n              \u001b[33mclass\u001b[39m=\u001b[32m\"todo-actions\"\u001b[39m\n            \u001b[36m>\u001b[39m\n              \u001b[36m<button\u001b[39m\n                \u001b[33mclass\u001b[39m=\u001b[32m\"edit-button\"\u001b[39m\n              \u001b[36m>\u001b[39m\n                \u001b[0m✏️\u001b[0m\n              \u001b[36m</button>\u001b[39m\n              \u001b[36m<button\u001b[39m\n                \u001b[33mclass\u001b[39m=\u001b[32m\"delete-button\"\u001b[39m\n              \u001b[36m>\u001b[39m\n                \u001b[0m🗑️\u001b[0m\n              \u001b[36m</button>\u001b[39m\n            \u001b[36m</div>\u001b[39m\n          \u001b[36m</div>\u001b[39m\n        \u001b[36m</div>\u001b[39m\n      \u001b[36m</div>\u001b[39m\n      \u001b[36m<div\u001b[39m\n        \u001b[33mclass\u001b[39m=\u001b[32m\"todo-stats\"\u001b[39m\n      \u001b[36m>\u001b[39m\n        \u001b[36m<div\u001b[39m\n          \u001b[33mclass\u001b[39m=\u001b[32m\"stats-grid\"\u001b[39m\n        \u001b[36m>\u001b[39m\n          \u001b[36m<div\u001b[39m\n            \u001b[33mclass\u001b[39m=\u001b[32m\"stat-item\"\u001b[39m\n          \u001b[36m>\u001b[39m\n            \u001b[36m<span\u001b[39m\n              \u001b[33mclass\u001b[39m=\u001b[32m\"stat-number\"\u001b[39m\n            \u001b[36m>\u001b[39m\n              \u001b[0m2\u001b[0m\n            \u001b[36m</span>\u001b[39m\n            \u001b[36m<span\u001b[39m\n              \u001b[33mclass\u001b[39m=\u001b[32m\"stat-label\"\u001b[39m\n            \u001b[36m>\u001b[39m\n              \u001b[0mTotal\u001b[0m\n            \u001b[36m</span>\u001b[39m\n          \u001b[36m</div>\u001b[39m\n          \u001b[36m<div\u001b[39m\n            \u001b[33mclass\u001b[39m=\u001b[32m\"stat-item\"\u001b[39m\n          \u001b[36m>\u001b[39m\n            \u001b[36m<span\u001b[39m\n              \u001b[33mclass\u001b[39m=\u001b[32m\"stat-number\"\u001b[39m\n            \u001b[36m>\u001b[39m\n              \u001b[0m1\u001b[0m\n            \u001b[36m</span>\u001b[39m\n            \u001b[36m<span\u001b[39m\n              \u001b[33mclass\u001b[39m=\u001b[32m\"stat-label\"\u001b[39m\n            \u001b[36m>\u001b[39m\n              \u001b[0mActive\u001b[0m\n            \u001b[36m</span>\u001b[39m\n          \u001b[36m</div>\u001b[39m\n          \u001b[36m<div\u001b[39m\n            \u001b[33mclass\u001b[39m=\u001b[32m\"stat-item\"\u001b[39m\n          \u001b[36m>\u001b[39m\n            \u001b[36m<span\u001b[39m\n              \u001b[33mclass\u001b[39m=\u001b[32m\"stat-number\"\u001b[39m\n            \u001b[36m>\u001b[39m\n              \u001b[0m1\u001b[0m\n            \u001b[36m</span>\u001b[39m\n            \u001b[36m<span\u001b[39m\n              \u001b[33mclass\u001b[39m=\u001b[32m\"stat-label\"\u001b[39m\n            \u001b[36m>\u001b[39m\n              \u001b[0mCompleted\u001b[0m\n            \u001b[36m</span>\u001b[39m\n          \u001b[36m</div>\u001b[39m\n        \u001b[36m</div>\u001b[39m\n      \u001b[36m</div>\u001b[39m\n    \u001b[36m</div>\u001b[39m\n  \u001b[36m</div>\u001b[39m\n\u001b[36m</body>\u001b[39m\n    at Object.getElementError (/Volumes/NekuAnavasram/todo-app-production/frontend/node_modules/@testing-library/react/node_modules/@testing-library/dom/dist/config.js:37:19)\n    at /Volumes/NekuAnavasram/todo-app-production/frontend/node_modules/@testing-library/react/node_modules/@testing-library/dom/dist/query-helpers.js:76:38\n    at /Volumes/NekuAnavasram/todo-app-production/frontend/node_modules/@testing-library/react/node_modules/@testing-library/dom/dist/query-helpers.js:52:17\n    at /Volumes/NekuAnavasram/todo-app-production/frontend/node_modules/@testing-library/react/node_modules/@testing-library/dom/dist/query-helpers.js:95:19\n    at Object.getByText (/Volumes/NekuAnavasram/todo-app-production/frontend/src/__tests__/TodoList.test.js:39:19)\n    at Promise.then.completed (/Volumes/NekuAnavasram/todo-app-production/frontend/node_modules/jest-circus/build/utils.js:298:28)\n    at new Promise (<anonymous>)\n    at callAsyncCircusFn (/Volumes/NekuAnavasram/todo-app-production/frontend/node_modules/jest-circus/build/utils.js:231:10)\n    at _callCircusTest (/Volumes/NekuAnavasram/todo-app-production/frontend/node_modules/jest-circus/build/run.js:316:40)\n    at processTicksAndRejections (node:internal/process/task_queues:105:5)\n    at _runTest (/Volumes/NekuAnavasram/todo-app-production/frontend/node_modules/jest-circus/build/run.js:252:3)\n    at _runTestsForDescribeBlock (/Volumes/NekuAnavasram/todo-app-production/frontend/node_modules/jest-circus/build/run.js:126:9)\n    at _runTestsForDescribeBlock (/Volumes/NekuAnavasram/todo-app-production/frontend/node_modules/jest-circus/build/run.js:121:9)\n    at run (/Volumes/NekuAnavasram/todo-app-production/frontend/node_modules/jest-circus/build/run.js:71:3)\n    at runAndTransformResultsToJestFormat (/Volumes/NekuAnavasram/todo-app-production/frontend/node_modules/jest-circus/build/legacy-code-todo-rewrite/jestAdapterInit.js:122:21)\n    at jestAdapter (/Volumes/NekuAnavasram/todo-app-production/frontend/node_modules/jest-circus/build/legacy-code-todo-rewrite/jestAdapter.js:79:19)\n    at runTestInternal (/Volumes/NekuAnavasram/todo-app-production/frontend/node_modules/jest-runner/build/runTest.js:367:16)\n    at runTest (/Volumes/NekuAnavasram/todo-app-production/frontend/node_modules/jest-runner/build/runTest.js:444:34)\n    at Object.worker (/Volumes/NekuAnavasram/todo-app-production/frontend/node_modules/jest-runner/build/testWorker.js:106:12)"],"fullName":"TodoList renders correct statistics","invocations":1,"location":null,"numPassingAsserts":0,"retryReasons":[],"status":"failed","title":"renders correct statistics"}],"endTime":1752844416250,"message":"  ● TodoList › renders correct statistics\n\n    TestingLibraryElementError: Unable to find an element with the text: /total: 2/i. This could be because the text is broken up by multiple elements. In this case, you can provide a function for your text matcher to make your matcher more flexible.\n\n    Ignored nodes: comments, script, style\n    \u001b[36m<body>\u001b[39m\n      \u001b[36m<div>\u001b[39m\n        \u001b[36m<div\u001b[39m\n          \u001b[33mclass\u001b[39m=\u001b[32m\"todo-list\"\u001b[39m\n        \u001b[36m>\u001b[39m\n          \u001b[36m<form\u001b[39m\n            \u001b[33mclass\u001b[39m=\u001b[32m\"todo-form\"\u001b[39m\n          \u001b[36m>\u001b[39m\n            \u001b[36m<div\u001b[39m\n              \u001b[33mclass\u001b[39m=\u001b[32m\"form-group\"\u001b[39m\n            \u001b[36m>\u001b[39m\n              \u001b[36m<div\u001b[39m\n                \u001b[33mclass\u001b[39m=\u001b[32m\"input-wrapper\"\u001b[39m\n              \u001b[36m>\u001b[39m\n                \u001b[36m<input\u001b[39m\n                  \u001b[33mclass\u001b[39m=\u001b[32m\"todo-input \"\u001b[39m\n                  \u001b[33mmaxlength\u001b[39m=\u001b[32m\"100\"\u001b[39m\n                  \u001b[33mplaceholder\u001b[39m=\u001b[32m\"What needs to be done?\"\u001b[39m\n                  \u001b[33mtype\u001b[39m=\u001b[32m\"text\"\u001b[39m\n                  \u001b[33mvalue\u001b[39m=\u001b[32m\"\"\u001b[39m\n                \u001b[36m/>\u001b[39m\n                \u001b[36m<button\u001b[39m\n                  \u001b[33mclass\u001b[39m=\u001b[32m\"add-button \"\u001b[39m\n                  \u001b[33mdisabled\u001b[39m=\u001b[32m\"\"\u001b[39m\n                  \u001b[33mtype\u001b[39m=\u001b[32m\"submit\"\u001b[39m\n                \u001b[36m>\u001b[39m\n                  \u001b[36m<span>\u001b[39m\n                    \u001b[0mAdd\u001b[0m\n                  \u001b[36m</span>\u001b[39m\n                \u001b[36m</button>\u001b[39m\n              \u001b[36m</div>\u001b[39m\n              \u001b[36m<div\u001b[39m\n                \u001b[33mclass\u001b[39m=\u001b[32m\"character-count\"\u001b[39m\n              \u001b[36m>\u001b[39m\n                \u001b[0m0\u001b[0m\n                \u001b[0m/100\u001b[0m\n              \u001b[36m</div>\u001b[39m\n            \u001b[36m</div>\u001b[39m\n          \u001b[36m</form>\u001b[39m\n          \u001b[36m<div\u001b[39m\n            \u001b[33mclass\u001b[39m=\u001b[32m\"todo-section\"\u001b[39m\n          \u001b[36m>\u001b[39m\n            \u001b[36m<h3\u001b[39m\n              \u001b[33mclass\u001b[39m=\u001b[32m\"section-title\"\u001b[39m\n            \u001b[36m>\u001b[39m\n              \u001b[0mActive (\u001b[0m\n              \u001b[0m1\u001b[0m\n              \u001b[0m)\u001b[0m\n            \u001b[36m</h3>\u001b[39m\n            \u001b[36m<div\u001b[39m\n              \u001b[33mclass\u001b[39m=\u001b[32m\"todo-items\"\u001b[39m\n            \u001b[36m>\u001b[39m\n              \u001b[36m<div\u001b[39m\n                \u001b[33mclass\u001b[39m=\u001b[32m\"todo-item  \"\u001b[39m\n              \u001b[36m>\u001b[39m\n                \u001b[36m<div\u001b[39m\n                  \u001b[33mclass\u001b[39m=\u001b[32m\"todo-content\"\u001b[39m\n                \u001b[36m>\u001b[39m\n                  \u001b[36m<button\u001b[39m\n                    \u001b[33mclass\u001b[39m=\u001b[32m\"toggle-button\"\u001b[39m\n                  \u001b[36m>\u001b[39m\n                    \u001b[0m○\u001b[0m\n                  \u001b[36m</button>\u001b[39m\n                  \u001b[36m<span\u001b[39m\n                    \u001b[33mclass\u001b[39m=\u001b[32m\"todo-text\"\u001b[39m\n                  \u001b[36m>\u001b[39m\n                    \u001b[0mTask A\u001b[0m\n                  \u001b[36m</span>\u001b[39m\n                \u001b[36m</div>\u001b[39m\n                \u001b[36m<div\u001b[39m\n                  \u001b[33mclass\u001b[39m=\u001b[32m\"todo-actions\"\u001b[39m\n                \u001b[36m>\u001b[39m\n                  \u001b[36m<button\u001b[39m\n                    \u001b[33mclass\u001b[39m=\u001b[32m\"edit-button\"\u001b[39m\n                  \u001b[36m>\u001b[39m\n                    \u001b[0m✏️\u001b[0m\n                  \u001b[36m</button>\u001b[39m\n                  \u001b[36m<button\u001b[39m\n                    \u001b[33mclass\u001b[39m=\u001b[32m\"delete-button\"\u001b[39m\n                  \u001b[36m>\u001b[39m\n                    \u001b[0m🗑️\u001b[0m\n                  \u001b[36m</button>\u001b[39m\n                \u001b[36m</div>\u001b[39m\n              \u001b[36m</div>\u001b[39m\n            \u001b[36m</div>\u001b[39m\n          \u001b[36m</div>\u001b[39m\n          \u001b[36m<div\u001b[39m\n            \u001b[33mclass\u001b[39m=\u001b[32m\"todo-section\"\u001b[39m\n          \u001b[36m>\u001b[39m\n            \u001b[36m<h3\u001b[39m\n              \u001b[33mclass\u001b[39m=\u001b[32m\"section-title\"\u001b[39m\n            \u001b[36m>\u001b[39m\n              \u001b[0mCompleted (\u001b[0m\n              \u001b[0m1\u001b[0m\n              \u001b[0m)\u001b[0m\n            \u001b[36m</h3>\u001b[39m\n            \u001b[36m<div\u001b[39m\n              \u001b[33mclass\u001b[39m=\u001b[32m\"todo-items\"\u001b[39m\n            \u001b[36m>\u001b[39m\n              \u001b[36m<div\u001b[39m\n                \u001b[33mclass\u001b[39m=\u001b[32m\"todo-item completed \"\u001b[39m\n              \u001b[36m>\u001b[39m\n                \u001b[36m<div\u001b[39m\n                  \u001b[33mclass\u001b[39m=\u001b[32m\"todo-content\"\u001b[39m\n                \u001b[36m>\u001b[39m\n                  \u001b[36m<button\u001b[39m\n                    \u001b[33mclass\u001b[39m=\u001b[32m\"toggle-button\"\u001b[39m\n                  \u001b[36m>\u001b[39m\n                    \u001b[0m✓\u001b[0m\n                  \u001b[36m</button>\u001b[39m\n                  \u001b[36m<span\u001b[39m\n                    \u001b[33mclass\u001b[39m=\u001b[32m\"todo-text\"\u001b[39m\n                  \u001b[36m>\u001b[39m\n                    \u001b[0mTask B\u001b[0m\n                  \u001b[36m</span>\u001b[39m\n                \u001b[36m</div>\u001b[39m\n                \u001b[36m<div\u001b[39m\n                  \u001b[33mclass\u001b[39m=\u001b[32m\"todo-actions\"\u001b[39m\n                \u001b[36m>\u001b[39m\n                  \u001b[36m<button\u001b[39m\n                    \u001b[33mclass\u001b[39m=\u001b[32m\"edit-button\"\u001b[39m\n                  \u001b[36m>\u001b[39m\n                    \u001b[0m✏️\u001b[0m\n                  \u001b[36m</button>\u001b[39m\n                  \u001b[36m<button\u001b[39m\n                    \u001b[33mclass\u001b[39m=\u001b[32m\"delete-button\"\u001b[39m\n                  \u001b[36m>\u001b[39m\n                    \u001b[0m🗑️\u001b[0m\n                  \u001b[36m</button>\u001b[39m\n                \u001b[36m</div>\u001b[39m\n              \u001b[36m</div>\u001b[39m\n            \u001b[36m</div>\u001b[39m\n          \u001b[36m</div>\u001b[39m\n          \u001b[36m<div\u001b[39m\n            \u001b[33mclass\u001b[39m=\u001b[32m\"todo-stats\"\u001b[39m\n          \u001b[36m>\u001b[39m\n            \u001b[36m<div\u001b[39m\n              \u001b[33mclass\u001b[39m=\u001b[32m\"stats-grid\"\u001b[39m\n            \u001b[36m>\u001b[39m\n              \u001b[36m<div\u001b[39m\n                \u001b[33mclass\u001b[39m=\u001b[32m\"stat-item\"\u001b[39m\n              \u001b[36m>\u001b[39m\n                \u001b[36m<span\u001b[39m\n                  \u001b[33mclass\u001b[39m=\u001b[32m\"stat-number\"\u001b[39m\n                \u001b[36m>\u001b[39m\n                  \u001b[0m2\u001b[0m\n                \u001b[36m</span>\u001b[39m\n                \u001b[36m<span\u001b[39m\n                  \u001b[33mclass\u001b[39m=\u001b[32m\"stat-label\"\u001b[39m\n                \u001b[36m>\u001b[39m\n                  \u001b[0mTotal\u001b[0m\n                \u001b[36m</span>\u001b[39m\n              \u001b[36m</div>\u001b[39m\n              \u001b[36m<div\u001b[39m\n                \u001b[33mclass\u001b[39m=\u001b[32m\"stat-item\"\u001b[39m\n              \u001b[36m>\u001b[39m\n                \u001b[36m<span\u001b[39m\n                  \u001b[33mclass\u001b[39m=\u001b[32m\"stat-number\"\u001b[39m\n                \u001b[36m>\u001b[39m\n                  \u001b[0m1\u001b[0m\n                \u001b[36m</span>\u001b[39m\n                \u001b[36m<span\u001b[39m\n                  \u001b[33mclass\u001b[39m=\u001b[32m\"stat-label\"\u001b[39m\n                \u001b[36m>\u001b[39m\n                  \u001b[0mActive\u001b[0m\n                \u001b[36m</span>\u001b[39m\n              \u001b[36m</div>\u001b[39m\n              \u001b[36m<div\u001b[39m\n                \u001b[33mclass\u001b[39m=\u001b[32m\"stat-item\"\u001b[39m\n              \u001b[36m>\u001b[39m\n                \u001b[36m<span\u001b[39m\n                  \u001b[33mclass\u001b[39m=\u001b[32m\"stat-number\"\u001b[39m\n                \u001b[36m>\u001b[39m\n                  \u001b[0m1\u001b[0m\n                \u001b[36m</span>\u001b[39m\n                \u001b[36m<span\u001b[39m\n                  \u001b[33mclass\u001b[39m=\u001b[32m\"stat-label\"\u001b[39m\n                \u001b[36m>\u001b[39m\n                  \u001b[0mCompleted\u001b[0m\n                \u001b[36m</span>\u001b[39m\n              \u001b[36m</div>\u001b[39m\n            \u001b[36m</div>\u001b[39m\n          \u001b[36m</div>\u001b[39m\n        \u001b[36m</div>\u001b[39m\n      \u001b[36m</div>\u001b[39m\n    \u001b[36m</body>\u001b[39m\n\n      37 |   test('renders correct statistics', () => {\n      38 |     render(<TodoList />);\n    > 39 |     expect(screen.getByText(/total: 2/i)).toBeInTheDocument();\n         |                   ^\n      40 |     expect(screen.getByText(/active: 1/i)).toBeInTheDocument();\n      41 |     expect(screen.getByText(/completed: 1/i)).toBeInTheDocument();\n      42 |   });\n\n      at Object.getElementError (node_modules/@testing-library/react/node_modules/@testing-library/dom/dist/config.js:37:19)\n      at node_modules/@testing-library/react/node_modules/@testing-library/dom/dist/query-helpers.js:76:38\n      at node_modules/@testing-library/react/node_modules/@testing-library/dom/dist/query-helpers.js:52:17\n      at node_modules/@testing-library/react/node_modules/@testing-library/dom/dist/query-helpers.js:95:19\n      at Object.getByText (src/__tests__/TodoList.test.js:39:19)\n","name":"/Volumes/NekuAnavasram/todo-app-production/frontend/src/__tests__/TodoList.test.js","startTime":1752844414689,"status":"failed","summary":""},{"assertionResults":[{"ancestorTitles":["TodoItem"],"duration":90,"failureDetails":[],"failureMessages":[],"fullName":"TodoItem displays todo text","invocations":1,"location":null,"numPassingAsserts":1,"retryReasons":[],"status":"passed","title":"displays todo text"},{"ancestorTitles":["TodoItem"],"duration":164,"failureDetails":[],"failureMessages":[],"fullName":"TodoItem toggle button calls onToggle","invocations":1,"location":null,"numPassingAsserts":1,"retryReasons":[],"status":"passed","title":"toggle button calls onToggle"},{"ancestorTitles":["TodoItem"],"duration":15,"failureDetails":[],"failureMessages":[],"fullName":"TodoItem delete button calls onDelete","invocations":1,"location":null,"numPassingAsserts":1,"retryReasons":[],"status":"passed","title":"delete button calls onDelete"}],"endTime":1752844416265,"message":"","name":"/Volumes/NekuAnavasram/todo-app-production/frontend/src/__tests__/TodoItem.test.js","startTime":1752844414684,"status":"passed","summary":""},{"assertionResults":[{"ancestorTitles":["App root component"],"duration":243,"failureDetails":[],"failureMessages":[],"fullName":"App root component renders brand header","invocations":1,"location":null,"numPassingAsserts":1,"retryReasons":[],"status":"passed","title":"renders brand header"},{"ancestorTitles":["App root component"],"duration":24,"failureDetails":[],"failureMessages":[],"fullName":"App root component renders subtitle","invocations":1,"location":null,"numPassingAsserts":1,"retryReasons":[],"status":"passed","title":"renders subtitle"}],"endTime":1752844416273,"message":"","name":"/Volumes/NekuAnavasram/todo-app-production/frontend/src/__tests__/App.test.js","startTime":1752844414684,"status":"passed","summary":""},{"assertionResults":[{"ancestorTitles":["TodoForm"],"duration":229,"failureDetails":[{"name":"TestingLibraryElementError"}],"failureMessages":["TestingLibraryElementError: Unable to find an accessible element with the role \"form\"\n\nHere are the accessible roles:\n\n  textbox:\n\n  Name \"\":\n  \u001b[36m<input\u001b[39m\n    \u001b[33mclass\u001b[39m=\u001b[32m\"todo-input \"\u001b[39m\n    \u001b[33mmaxlength\u001b[39m=\u001b[32m\"100\"\u001b[39m\n    \u001b[33mplaceholder\u001b[39m=\u001b[32m\"What needs to be done?\"\u001b[39m\n    \u001b[33mtype\u001b[39m=\u001b[32m\"text\"\u001b[39m\n    \u001b[33mvalue\u001b[39m=\u001b[32m\"\"\u001b[39m\n  \u001b[36m/>\u001b[39m\n\n  --------------------------------------------------\n  button:\n\n  Name \"Add\":\n  \u001b[36m<button\u001b[39m\n    \u001b[33mclass\u001b[39m=\u001b[32m\"add-button \"\u001b[39m\n    \u001b[33mdisabled\u001b[39m=\u001b[32m\"\"\u001b[39m\n    \u001b[33mtype\u001b[39m=\u001b[32m\"submit\"\u001b[39m\n  \u001b[36m/>\u001b[39m\n\n  --------------------------------------------------\n\nIgnored nodes: comments, script, style\n\u001b[36m<body>\u001b[39m\n  \u001b[36m<div>\u001b[39m\n    \u001b[36m<form\u001b[39m\n      \u001b[33mclass\u001b[39m=\u001b[32m\"todo-form\"\u001b[39m\n    \u001b[36m>\u001b[39m\n      \u001b[36m<div\u001b[39m\n        \u001b[33mclass\u001b[39m=\u001b[32m\"form-group\"\u001b[39m\n      \u001b[36m>\u001b[39m\n        \u001b[36m<div\u001b[39m\n          \u001b[33mclass\u001b[39m=\u001b[32m\"input-wrapper\"\u001b[39m\n        \u001b[36m>\u001b[39m\n          \u001b[36m<input\u001b[39m\n            \u001b[33mclass\u001b[39m=\u001b[32m\"todo-input \"\u001b[39m\n            \u001b[33mmaxlength\u001b[39m=\u001b[32m\"100\"\u001b[39m\n            \u001b[33mplaceholder\u001b[39m=\u001b[32m\"What needs to be done?\"\u001b[39m\n            \u001b[33mtype\u001b[39m=\u001b[32m\"text\"\u001b[39m\n            \u001b[33mvalue\u001b[39m=\u001b[32m\"\"\u001b[39m\n          \u001b[36m/>\u001b[39m\n          \u001b[36m<button\u001b[39m\n            \u001b[33mclass\u001b[39m=\u001b[32m\"add-button \"\u001b[39m\n            \u001b[33mdisabled\u001b[39m=\u001b[32m\"\"\u001b[39m\n            \u001b[33mtype\u001b[39m=\u001b[32m\"submit\"\u001b[39m\n          \u001b[36m>\u001b[39m\n            \u001b[36m<span>\u001b[39m\n              \u001b[0mAdd\u001b[0m\n            \u001b[36m</span>\u001b[39m\n          \u001b[36m</button>\u001b[39m\n        \u001b[36m</div>\u001b[39m\n        \u001b[36m<div\u001b[39m\n          \u001b[33mclass\u001b[39m=\u001b[32m\"character-count\"\u001b[39m\n        \u001b[36m>\u001b[39m\n          \u001b[0m0\u001b[0m\n          \u001b[0m/100\u001b[0m\n        \u001b[36m</div>\u001b[39m\n      \u001b[36m</div>\u001b[39m\n    \u001b[36m</form>\u001b[39m\n  \u001b[36m</div>\u001b[39m\n\u001b[36m</body>\u001b[39m\n    at Object.getElementError (/Volumes/NekuAnavasram/todo-app-production/frontend/node_modules/@testing-library/react/node_modules/@testing-library/dom/dist/config.js:37:19)\n    at /Volumes/NekuAnavasram/todo-app-production/frontend/node_modules/@testing-library/react/node_modules/@testing-library/dom/dist/query-helpers.js:76:38\n    at /Volumes/NekuAnavasram/todo-app-production/frontend/node_modules/@testing-library/react/node_modules/@testing-library/dom/dist/query-helpers.js:52:17\n    at /Volumes/NekuAnavasram/todo-app-production/frontend/node_modules/@testing-library/react/node_modules/@testing-library/dom/dist/query-helpers.js:95:19\n    at Object.getByRole (/Volumes/NekuAnavasram/todo-app-production/frontend/src/__tests__/TodoForm.test.js:9:29)\n    at Promise.then.completed (/Volumes/NekuAnavasram/todo-app-production/frontend/node_modules/jest-circus/build/utils.js:298:28)\n    at new Promise (<anonymous>)\n    at callAsyncCircusFn (/Volumes/NekuAnavasram/todo-app-production/frontend/node_modules/jest-circus/build/utils.js:231:10)\n    at _callCircusTest (/Volumes/NekuAnavasram/todo-app-production/frontend/node_modules/jest-circus/build/run.js:316:40)\n    at processTicksAndRejections (node:internal/process/task_queues:105:5)\n    at _runTest (/Volumes/NekuAnavasram/todo-app-production/frontend/node_modules/jest-circus/build/run.js:252:3)\n    at _runTestsForDescribeBlock (/Volumes/NekuAnavasram/todo-app-production/frontend/node_modules/jest-circus/build/run.js:126:9)\n    at _runTestsForDescribeBlock (/Volumes/NekuAnavasram/todo-app-production/frontend/node_modules/jest-circus/build/run.js:121:9)\n    at run (/Volumes/NekuAnavasram/todo-app-production/frontend/node_modules/jest-circus/build/run.js:71:3)\n    at runAndTransformResultsToJestFormat (/Volumes/NekuAnavasram/todo-app-production/frontend/node_modules/jest-circus/build/legacy-code-todo-rewrite/jestAdapterInit.js:122:21)\n    at jestAdapter (/Volumes/NekuAnavasram/todo-app-production/frontend/node_modules/jest-circus/build/legacy-code-todo-rewrite/jestAdapter.js:79:19)\n    at runTestInternal (/Volumes/NekuAnavasram/todo-app-production/frontend/node_modules/jest-runner/build/runTest.js:367:16)\n    at runTest (/Volumes/NekuAnavasram/todo-app-production/frontend/node_modules/jest-runner/build/runTest.js:444:34)\n    at Object.worker (/Volumes/NekuAnavasram/todo-app-production/frontend/node_modules/jest-runner/build/testWorker.js:106:12)"],"fullName":"TodoForm shows validation error on empty submit","invocations":1,"location":null,"numPassingAsserts":0,"retryReasons":[],"status":"failed","title":"shows validation error on empty submit"},{"ancestorTitles":["TodoForm"],"duration":52,"failureDetails":[{"name":"TestingLibraryElementError"}],"failureMessages":["TestingLibraryElementError: Unable to find an accessible element with the role \"form\"\n\nHere are the accessible roles:\n\n  textbox:\n\n  Name \"\":\n  \u001b[36m<input\u001b[39m\n    \u001b[33mclass\u001b[39m=\u001b[32m\"todo-input \"\u001b[39m\n    \u001b[33mmaxlength\u001b[39m=\u001b[32m\"100\"\u001b[39m\n    \u001b[33mplaceholder\u001b[39m=\u001b[32m\"What needs to be done?\"\u001b[39m\n    \u001b[33mtype\u001b[39m=\u001b[32m\"text\"\u001b[39m\n    \u001b[33mvalue\u001b[39m=\u001b[32m\"  Learn Jest  \"\u001b[39m\n  \u001b[36m/>\u001b[39m\n\n  --------------------------------------------------\n  button:\n\n  Name \"Add\":\n  \u001b[36m<button\u001b[39m\n    \u001b[33mclass\u001b[39m=\u001b[32m\"add-button \"\u001b[39m\n    \u001b[33mtype\u001b[39m=\u001b[32m\"submit\"\u001b[39m\n  \u001b[36m/>\u001b[39m\n\n  --------------------------------------------------\n\nIgnored nodes: comments, script, style\n\u001b[36m<body>\u001b[39m\n  \u001b[36m<div>\u001b[39m\n    \u001b[36m<form\u001b[39m\n      \u001b[33mclass\u001b[39m=\u001b[32m\"todo-form\"\u001b[39m\n    \u001b[36m>\u001b[39m\n      \u001b[36m<div\u001b[39m\n        \u001b[33mclass\u001b[39m=\u001b[32m\"form-group\"\u001b[39m\n      \u001b[36m>\u001b[39m\n        \u001b[36m<div\u001b[39m\n          \u001b[33mclass\u001b[39m=\u001b[32m\"input-wrapper\"\u001b[39m\n        \u001b[36m>\u001b[39m\n          \u001b[36m<input\u001b[39m\n            \u001b[33mclass\u001b[39m=\u001b[32m\"todo-input \"\u001b[39m\n            \u001b[33mmaxlength\u001b[39m=\u001b[32m\"100\"\u001b[39m\n            \u001b[33mplaceholder\u001b[39m=\u001b[32m\"What needs to be done?\"\u001b[39m\n            \u001b[33mtype\u001b[39m=\u001b[32m\"text\"\u001b[39m\n            \u001b[33mvalue\u001b[39m=\u001b[32m\"  Learn Jest  \"\u001b[39m\n          \u001b[36m/>\u001b[39m\n          \u001b[36m<button\u001b[39m\n            \u001b[33mclass\u001b[39m=\u001b[32m\"add-button \"\u001b[39m\n            \u001b[33mtype\u001b[39m=\u001b[32m\"submit\"\u001b[39m\n          \u001b[36m>\u001b[39m\n            \u001b[36m<span>\u001b[39m\n              \u001b[0mAdd\u001b[0m\n            \u001b[36m</span>\u001b[39m\n          \u001b[36m</button>\u001b[39m\n        \u001b[36m</div>\u001b[39m\n        \u001b[36m<div\u001b[39m\n          \u001b[33mclass\u001b[39m=\u001b[32m\"character-count\"\u001b[39m\n        \u001b[36m>\u001b[39m\n          \u001b[0m14\u001b[0m\n          \u001b[0m/100\u001b[0m\n        \u001b[36m</div>\u001b[39m\n      \u001b[36m</div>\u001b[39m\n    \u001b[36m</form>\u001b[39m\n  \u001b[36m</div>\u001b[39m\n\u001b[36m</body>\u001b[39m\n    at Object.getElementError (/Volumes/NekuAnavasram/todo-app-production/frontend/node_modules/@testing-library/react/node_modules/@testing-library/dom/dist/config.js:37:19)\n    at /Volumes/NekuAnavasram/todo-app-production/frontend/node_modules/@testing-library/react/node_modules/@testing-library/dom/dist/query-helpers.js:76:38\n    at /Volumes/NekuAnavasram/todo-app-production/frontend/node_modules/@testing-library/react/node_modules/@testing-library/dom/dist/query-helpers.js:52:17\n    at /Volumes/NekuAnavasram/todo-app-production/frontend/node_modules/@testing-library/react/node_modules/@testing-library/dom/dist/query-helpers.js:95:19\n    at Object.getByRole (/Volumes/NekuAnavasram/todo-app-production/frontend/src/__tests__/TodoForm.test.js:21:29)\n    at Promise.then.completed (/Volumes/NekuAnavasram/todo-app-production/frontend/node_modules/jest-circus/build/utils.js:298:28)\n    at new Promise (<anonymous>)\n    at callAsyncCircusFn (/Volumes/NekuAnavasram/todo-app-production/frontend/node_modules/jest-circus/build/utils.js:231:10)\n    at _callCircusTest (/Volumes/NekuAnavasram/todo-app-production/frontend/node_modules/jest-circus/build/run.js:316:40)\n    at processTicksAndRejections (node:internal/process/task_queues:105:5)\n    at _runTest (/Volumes/NekuAnavasram/todo-app-production/frontend/node_modules/jest-circus/build/run.js:252:3)\n    at _runTestsForDescribeBlock (/Volumes/NekuAnavasram/todo-app-production/frontend/node_modules/jest-circus/build/run.js:126:9)\n    at _runTestsForDescribeBlock (/Volumes/NekuAnavasram/todo-app-production/frontend/node_modules/jest-circus/build/run.js:121:9)\n    at run (/Volumes/NekuAnavasram/todo-app-production/frontend/node_modules/jest-circus/build/run.js:71:3)\n    at runAndTransformResultsToJestFormat (/Volumes/NekuAnavasram/todo-app-production/frontend/node_modules/jest-circus/build/legacy-code-todo-rewrite/jestAdapterInit.js:122:21)\n    at jestAdapter (/Volumes/NekuAnavasram/todo-app-production/frontend/node_modules/jest-circus/build/legacy-code-todo-rewrite/jestAdapter.js:79:19)\n    at runTestInternal (/Volumes/NekuAnavasram/todo-app-production/frontend/node_modules/jest-runner/build/runTest.js:367:16)\n    at runTest (/Volumes/NekuAnavasram/todo-app-production/frontend/node_modules/jest-runner/build/runTest.js:444:34)\n    at Object.worker (/Volumes/NekuAnavasram/todo-app-production/frontend/node_modules/jest-runner/build/testWorker.js:106:12)"],"fullName":"TodoForm calls onSubmit with trimmed text","invocations":1,"location":null,"numPassingAsserts":0,"retryReasons":[],"status":"failed","title":"calls onSubmit with trimmed text"}],"endTime":1752844416290,"message":"  ● TodoForm › shows validation error on empty submit\n\n    TestingLibraryElementError: Unable to find an accessible element with the role \"form\"\n\n    Here are the accessible roles:\n\n      textbox:\n\n      Name \"\":\n      \u001b[36m<input\u001b[39m\n        \u001b[33mclass\u001b[39m=\u001b[32m\"todo-input \"\u001b[39m\n        \u001b[33mmaxlength\u001b[39m=\u001b[32m\"100\"\u001b[39m\n        \u001b[33mplaceholder\u001b[39m=\u001b[32m\"What needs to be done?\"\u001b[39m\n        \u001b[33mtype\u001b[39m=\u001b[32m\"text\"\u001b[39m\n        \u001b[33mvalue\u001b[39m=\u001b[32m\"\"\u001b[39m\n      \u001b[36m/>\u001b[39m\n\n      --------------------------------------------------\n      button:\n\n      Name \"Add\":\n      \u001b[36m<button\u001b[39m\n        \u001b[33mclass\u001b[39m=\u001b[32m\"add-button \"\u001b[39m\n        \u001b[33mdisabled\u001b[39m=\u001b[32m\"\"\u001b[39m\n        \u001b[33mtype\u001b[39m=\u001b[32m\"submit\"\u001b[39m\n      \u001b[36m/>\u001b[39m\n\n      --------------------------------------------------\n\n    Ignored nodes: comments, script, style\n    \u001b[36m<body>\u001b[39m\n      \u001b[36m<div>\u001b[39m\n        \u001b[36m<form\u001b[39m\n          \u001b[33mclass\u001b[39m=\u001b[32m\"todo-form\"\u001b[39m\n        \u001b[36m>\u001b[39m\n          \u001b[36m<div\u001b[39m\n            \u001b[33mclass\u001b[39m=\u001b[32m\"form-group\"\u001b[39m\n          \u001b[36m>\u001b[39m\n            \u001b[36m<div\u001b[39m\n              \u001b[33mclass\u001b[39m=\u001b[32m\"input-wrapper\"\u001b[39m\n            \u001b[36m>\u001b[39m\n              \u001b[36m<input\u001b[39m\n                \u001b[33mclass\u001b[39m=\u001b[32m\"todo-input \"\u001b[39m\n                \u001b[33mmaxlength\u001b[39m=\u001b[32m\"100\"\u001b[39m\n                \u001b[33mplaceholder\u001b[39m=\u001b[32m\"What needs to be done?\"\u001b[39m\n                \u001b[33mtype\u001b[39m=\u001b[32m\"text\"\u001b[39m\n                \u001b[33mvalue\u001b[39m=\u001b[32m\"\"\u001b[39m\n              \u001b[36m/>\u001b[39m\n              \u001b[36m<button\u001b[39m\n                \u001b[33mclass\u001b[39m=\u001b[32m\"add-button \"\u001b[39m\n                \u001b[33mdisabled\u001b[39m=\u001b[32m\"\"\u001b[39m\n                \u001b[33mtype\u001b[39m=\u001b[32m\"submit\"\u001b[39m\n              \u001b[36m>\u001b[39m\n                \u001b[36m<span>\u001b[39m\n                  \u001b[0mAdd\u001b[0m\n                \u001b[36m</span>\u001b[39m\n              \u001b[36m</button>\u001b[39m\n            \u001b[36m</div>\u001b[39m\n            \u001b[36m<div\u001b[39m\n              \u001b[33mclass\u001b[39m=\u001b[32m\"character-count\"\u001b[39m\n            \u001b[36m>\u001b[39m\n              \u001b[0m0\u001b[0m\n              \u001b[0m/100\u001b[0m\n            \u001b[36m</div>\u001b[39m\n          \u001b[36m</div>\u001b[39m\n        \u001b[36m</form>\u001b[39m\n      \u001b[36m</div>\u001b[39m\n    \u001b[36m</body>\u001b[39m\n\n       7 |     const mockAdd = jest.fn();\n       8 |     render(<TodoForm onSubmit={mockAdd} loading={false} />);\n    >  9 |     fireEvent.submit(screen.getByRole('form'));\n         |                             ^\n      10 |     expect(mockAdd).not.toHaveBeenCalled();\n      11 |     expect(\n      12 |       screen.getByText(/please enter a todo item/i)\n\n      at Object.getElementError (node_modules/@testing-library/react/node_modules/@testing-library/dom/dist/config.js:37:19)\n      at node_modules/@testing-library/react/node_modules/@testing-library/dom/dist/query-helpers.js:76:38\n      at node_modules/@testing-library/react/node_modules/@testing-library/dom/dist/query-helpers.js:52:17\n      at node_modules/@testing-library/react/node_modules/@testing-library/dom/dist/query-helpers.js:95:19\n      at Object.getByRole (src/__tests__/TodoForm.test.js:9:29)\n\n  ● TodoForm › calls onSubmit with trimmed text\n\n    TestingLibraryElementError: Unable to find an accessible element with the role \"form\"\n\n    Here are the accessible roles:\n\n      textbox:\n\n      Name \"\":\n      \u001b[36m<input\u001b[39m\n        \u001b[33mclass\u001b[39m=\u001b[32m\"todo-input \"\u001b[39m\n        \u001b[33mmaxlength\u001b[39m=\u001b[32m\"100\"\u001b[39m\n        \u001b[33mplaceholder\u001b[39m=\u001b[32m\"What needs to be done?\"\u001b[39m\n        \u001b[33mtype\u001b[39m=\u001b[32m\"text\"\u001b[39m\n        \u001b[33mvalue\u001b[39m=\u001b[32m\"  Learn Jest  \"\u001b[39m\n      \u001b[36m/>\u001b[39m\n\n      --------------------------------------------------\n      button:\n\n      Name \"Add\":\n      \u001b[36m<button\u001b[39m\n        \u001b[33mclass\u001b[39m=\u001b[32m\"add-button \"\u001b[39m\n        \u001b[33mtype\u001b[39m=\u001b[32m\"submit\"\u001b[39m\n      \u001b[36m/>\u001b[39m\n\n      --------------------------------------------------\n\n    Ignored nodes: comments, script, style\n    \u001b[36m<body>\u001b[39m\n      \u001b[36m<div>\u001b[39m\n        \u001b[36m<form\u001b[39m\n          \u001b[33mclass\u001b[39m=\u001b[32m\"todo-form\"\u001b[39m\n        \u001b[36m>\u001b[39m\n          \u001b[36m<div\u001b[39m\n            \u001b[33mclass\u001b[39m=\u001b[32m\"form-group\"\u001b[39m\n          \u001b[36m>\u001b[39m\n            \u001b[36m<div\u001b[39m\n              \u001b[33mclass\u001b[39m=\u001b[32m\"input-wrapper\"\u001b[39m\n            \u001b[36m>\u001b[39m\n              \u001b[36m<input\u001b[39m\n                \u001b[33mclass\u001b[39m=\u001b[32m\"todo-input \"\u001b[39m\n                \u001b[33mmaxlength\u001b[39m=\u001b[32m\"100\"\u001b[39m\n                \u001b[33mplaceholder\u001b[39m=\u001b[32m\"What needs to be done?\"\u001b[39m\n                \u001b[33mtype\u001b[39m=\u001b[32m\"text\"\u001b[39m\n                \u001b[33mvalue\u001b[39m=\u001b[32m\"  Learn Jest  \"\u001b[39m\n              \u001b[36m/>\u001b[39m\n              \u001b[36m<button\u001b[39m\n                \u001b[33mclass\u001b[39m=\u001b[32m\"add-button \"\u001b[39m\n                \u001b[33mtype\u001b[39m=\u001b[32m\"submit\"\u001b[39m\n              \u001b[36m>\u001b[39m\n                \u001b[36m<span>\u001b[39m\n                  \u001b[0mAdd\u001b[0m\n                \u001b[36m</span>\u001b[39m\n              \u001b[36m</button>\u001b[39m\n            \u001b[36m</div>\u001b[39m\n            \u001b[36m<div\u001b[39m\n              \u001b[33mclass\u001b[39m=\u001b[32m\"character-count\"\u001b[39m\n            \u001b[36m>\u001b[39m\n              \u001b[0m14\u001b[0m\n              \u001b[0m/100\u001b[0m\n            \u001b[36m</div>\u001b[39m\n          \u001b[36m</div>\u001b[39m\n        \u001b[36m</form>\u001b[39m\n      \u001b[36m</div>\u001b[39m\n    \u001b[36m</body>\u001b[39m\n\n      19 |     const input = screen.getByPlaceholderText(/what needs to be done/i);\n      20 |     fireEvent.change(input, { target: { value: '  Learn Jest  ' } });\n    > 21 |     fireEvent.submit(screen.getByRole('form'));\n         |                             ^\n      22 |     expect(mockAdd).toHaveBeenCalledWith('Learn Jest');\n      23 |   });\n      24 | });\n\n      at Object.getElementError (node_modules/@testing-library/react/node_modules/@testing-library/dom/dist/config.js:37:19)\n      at node_modules/@testing-library/react/node_modules/@testing-library/dom/dist/query-helpers.js:76:38\n      at node_modules/@testing-library/react/node_modules/@testing-library/dom/dist/query-helpers.js:52:17\n      at node_modules/@testing-library/react/node_modules/@testing-library/dom/dist/query-helpers.js:95:19\n      at Object.getByRole (src/__tests__/TodoForm.test.js:21:29)\n","name":"/Volumes/NekuAnavasram/todo-app-production/frontend/src/__tests__/TodoForm.test.js","startTime":1752844414686,"status":"failed","summary":""}],"wasInterrupted":false}
